<?xml version="1.0" encoding="UTF-8"?>
<!-- Generated by org.testng.reporters.JUnitReportReporter -->
<testsuite hostname="RAMYA-PC" name="tests.LoginTestTestNG" tests="2" failures="0" timestamp="11 Apr 2021 06:38:48 GMT" time="94.114" errors="0">
  <testcase name="LoginScenario" time="37.624" classname="tests.LoginTestTestNG"/>
  <testcase name="forgotUPScenario" time="56.490" classname="tests.LoginTestTestNG"/>
</testsuite> <!-- tests.LoginTestTestNG -->
